[04:12:32] [ServerMain/INFO]: Environment: Environment[sessionHost=https://sessionserver.mojang.com, servicesHost=https://api.minecraftservices.com, name=PROD]
[04:12:33] [ServerMain/INFO]: Loaded 1373 recipes
[04:12:33] [ServerMain/INFO]: Loaded 1484 advancements
[04:12:33] [Server thread/INFO]: Starting minecraft server version 1.21.5
[04:12:33] [Server thread/INFO]: Loading properties
[04:12:33] [Server thread/INFO]: Default game type: SURVIVAL
[04:12:33] [Server thread/INFO]: Generating keypair
[04:12:33] [Server thread/INFO]: Starting Minecraft server on 26.46.191.153:25565
[04:12:34] [Server thread/INFO]: Using default channel type
[04:12:34] [Server thread/INFO]: Preparing level "world"
[04:12:34] [Server thread/INFO]: Preparing start region for dimension minecraft:overworld
[04:12:35] [Worker-Main-5/INFO]: Preparing spawn area: 0%
[04:12:35] [Worker-Main-5/INFO]: Preparing spawn area: 0%
[04:12:35] [Server thread/INFO]: Time elapsed: 926 ms
[04:12:35] [Server thread/INFO]: Done (1.154s)! For help, type "help"
[17:32:10] [Server thread/INFO]: Saving the game (this may take a moment!)
[17:32:10] [Server thread/INFO]: Saved the game
[17:54:44] [Server thread/INFO]: Stopping the server
[17:54:44] [Server thread/INFO]: Stopping server
[17:54:45] [Server thread/INFO]: Saving players
[17:54:45] [Server thread/INFO]: Saving worlds
[17:54:45] [Server thread/INFO]: Saving chunks for level 'ServerLevel[world]'/minecraft:overworld
[17:54:45] [Server thread/INFO]: Saving chunks for level 'ServerLevel[world]'/minecraft:the_end
[17:54:45] [Server thread/INFO]: Saving chunks for level 'ServerLevel[world]'/minecraft:the_nether
[17:54:45] [Server thread/INFO]: ThreadedAnvilChunkStorage (world): All chunks are saved
[17:54:45] [Server thread/INFO]: ThreadedAnvilChunkStorage (DIM1): All chunks are saved
[17:54:45] [Server thread/INFO]: ThreadedAnvilChunkStorage (DIM-1): All chunks are saved
[17:54:45] [Server thread/INFO]: ThreadedAnvilChunkStorage: All dimensions are saved
